 15:28:59.74
 15:28:59.74 Welcome to the Bitnami spark container
 15:28:59.75 Subscribe to project updates by watching https://github.com/bitnami/bitnami-docker-spark
 15:28:59.76 Submit issues and feature requests at https://github.com/bitnami/bitnami-docker-spark/issues
 15:28:59.77
 15:28:59.80 INFO  ==> ** Starting Spark setup **
 15:28:59.85 INFO  ==> Generating Spark configuration file...
 15:28:59.87 INFO  ==> ** Spark setup finished! **

 15:28:59.90 INFO  ==> ** Starting Spark in worker mode **
starting org.apache.spark.deploy.worker.Worker, logging to /opt/bitnami/spark/logs/spark--org.apache.spark.deploy.worker.Worker-1-216958389dfc.out
Spark Command: /opt/bitnami/java/bin/java -cp /opt/bitnami/spark/conf/:/opt/bitnami/spark/jars/* -Xmx1g org.apache.spark.deploy.worker.Worker --webui-port 8081 spark://spark:7077
========================================
Using Spark's default log4j profile: org/apache/spark/log4j-defaults.properties
21/11/08 15:29:04 INFO Worker: Started daemon with process name: 36@216958389dfc
21/11/08 15:29:04 INFO SignalUtils: Registering signal handler for TERM
21/11/08 15:29:04 INFO SignalUtils: Registering signal handler for HUP
21/11/08 15:29:04 INFO SignalUtils: Registering signal handler for INT
21/11/08 15:29:06 WARN NativeCodeLoader: Unable to load native-hadoop library for your platform... using builtin-java classes where applicable
21/11/08 15:29:06 INFO SecurityManager: Changing view acls to: spark
21/11/08 15:29:06 INFO SecurityManager: Changing modify acls to: spark
21/11/08 15:29:06 INFO SecurityManager: Changing view acls groups to:
21/11/08 15:29:06 INFO SecurityManager: Changing modify acls groups to:
21/11/08 15:29:06 INFO SecurityManager: SecurityManager: authentication disabled; ui acls disabled; users  with view permissions: Set(spark); groups with view permissions: Set(); users  with modify permissions: Set(spark); groups with modify permissions: Set()
21/11/08 15:29:08 INFO Utils: Successfully started service 'sparkWorker' on port 45835.
21/11/08 15:29:08 INFO Worker: Worker decommissioning not enabled.
21/11/08 15:29:08 INFO Worker: Starting Spark worker 172.18.0.4:45835 with 1 cores, 1024.0 MiB RAM
21/11/08 15:29:09 INFO Worker: Running Spark version 3.2.0
21/11/08 15:29:09 INFO Worker: Spark home: /opt/bitnami/spark
21/11/08 15:29:09 INFO ResourceUtils: ==============================================================
21/11/08 15:29:09 INFO ResourceUtils: No custom resources configured for spark.worker.
21/11/08 15:29:09 INFO ResourceUtils: ==============================================================
21/11/08 15:29:09 INFO Utils: Successfully started service 'WorkerUI' on port 8081.
21/11/08 15:29:09 INFO WorkerWebUI: Bound WorkerWebUI to 0.0.0.0, and started at http://216958389dfc:8081
21/11/08 15:29:09 INFO Worker: Connecting to master spark:7077...
21/11/08 15:29:10 INFO TransportClientFactory: Successfully created connection to spark/172.18.0.5:7077 after 73 ms (0 ms spent in bootstraps)
21/11/08 15:29:10 INFO Worker: Successfully registered with master spark://9c1cb0f554f2:7077